<?xml version="1.0" encoding="utf-8" standalone="no"?>
<!--This file represents the results of running a test suite-->
<test-results name="D:\Study\UI\Nunit_Study\Nunit_Study.sln" total="1" errors="0" failures="0" not-run="0" inconclusive="0" ignored="0" skipped="0" invalid="0" date="2015-01-27" time="11:55:29">
  <environment nunit-version="2.6.4.14350" clr-version="2.0.50727.5485" os-version="Microsoft Windows NT 6.1.7601 Service Pack 1" platform="Win32NT" cwd="C:\Program Files (x86)\NUnit 2.6.4\bin" machine-name="NJ-MARKS-SHEN5" user="Marks_Shen" user-domain="TREND" />
  <culture-info current-culture="en-US" current-uiculture="en-US" />
  <test-suite type="Project" name="D:\Study\UI\Nunit_Study\Nunit_Study.sln" executed="True" result="Success" success="True" time="174.045" asserts="0">
    <results>
      <test-suite type="Assembly" name="D:\Study\UI\Nunit_Study\Nunit_Study\bin\Debug\Nunit_Study.dll" executed="True" result="Success" success="True" time="174.013" asserts="0">
        <results>
          <test-suite type="Namespace" name="Nunit_Study" executed="True" result="Success" success="True" time="173.985" asserts="0">
            <results>
              <test-suite type="TestFixture" name="TestMyApp" executed="True" result="Success" success="True" time="173.954" asserts="0">
                <results>
                  <test-case name="Nunit_Study.TestMyApp.TestGoogleSearch2" executed="True" result="Success" success="True" time="173.919" asserts="1" />
                </results>
              </test-suite>
            </results>
          </test-suite>
        </results>
      </test-suite>
    </results>
  </test-suite>
</test-results>